{"/Users/margaretkearns/Documents/Code/rpp/reviews-api/server/app.js": {"path":"/Users/margaretkearns/Documents/Code/rpp/reviews-api/server/app.js","statementMap":{"0":{"start":{"line":1,"column":16},"end":{"line":1,"column":34}},"1":{"start":{"line":2,"column":19},"end":{"line":2,"column":41}},"2":{"start":{"line":3,"column":10},"end":{"line":3,"column":19}},"3":{"start":{"line":5,"column":0},"end":{"line":5,"column":55}},"4":{"start":{"line":6,"column":0},"end":{"line":6,"column":27}},"5":{"start":{"line":7,"column":0},"end":{"line":7,"column":51}},"6":{"start":{"line":9,"column":0},"end":{"line":12,"column":3}},"7":{"start":{"line":10,"column":2},"end":{"line":10,"column":24}},"8":{"start":{"line":11,"column":2},"end":{"line":11,"column":47}},"9":{"start":{"line":14,"column":0},"end":{"line":16,"column":3}},"10":{"start":{"line":15,"column":2},"end":{"line":15,"column":51}},"11":{"start":{"line":18,"column":0},"end":{"line":20,"column":3}},"12":{"start":{"line":19,"column":2},"end":{"line":19,"column":47}},"13":{"start":{"line":22,"column":0},"end":{"line":24,"column":3}},"14":{"start":{"line":23,"column":2},"end":{"line":23,"column":66}},"15":{"start":{"line":26,"column":0},"end":{"line":28,"column":3}},"16":{"start":{"line":27,"column":2},"end":{"line":27,"column":65}},"17":{"start":{"line":30,"column":0},"end":{"line":30,"column":21}}},"fnMap":{"0":{"name":"(anonymous_0)","decl":{"start":{"line":9,"column":20},"end":{"line":9,"column":21}},"loc":{"start":{"line":9,"column":34},"end":{"line":12,"column":1}},"line":9},"1":{"name":"(anonymous_1)","decl":{"start":{"line":14,"column":25},"end":{"line":14,"column":26}},"loc":{"start":{"line":14,"column":39},"end":{"line":16,"column":1}},"line":14},"2":{"name":"(anonymous_2)","decl":{"start":{"line":18,"column":21},"end":{"line":18,"column":22}},"loc":{"start":{"line":18,"column":35},"end":{"line":20,"column":1}},"line":18},"3":{"name":"(anonymous_3)","decl":{"start":{"line":22,"column":39},"end":{"line":22,"column":40}},"loc":{"start":{"line":22,"column":53},"end":{"line":24,"column":1}},"line":22},"4":{"name":"(anonymous_4)","decl":{"start":{"line":26,"column":38},"end":{"line":26,"column":39}},"loc":{"start":{"line":26,"column":52},"end":{"line":28,"column":1}},"line":26}},"branchMap":{},"s":{"0":1,"1":1,"2":1,"3":1,"4":1,"5":1,"6":1,"7":0,"8":0,"9":1,"10":2,"11":1,"12":2,"13":1,"14":2,"15":1,"16":2,"17":1},"f":{"0":0,"1":2,"2":2,"3":2,"4":2},"b":{},"_coverageSchema":"1a1c01bbd47fc00a2c39e90264f33305004495a9","hash":"3d51ec1a5d6620bab28352cf719af216aced262a"}
}
